#
# There is insufficient memory for the Java Runtime Environment to continue.
# Native memory allocation (malloc) failed to allocate 32744 bytes for ChunkPool::allocate
# Possible reasons:
#   The system is out of physical RAM or swap space
#   In 32 bit mode, the process size limit was hit
# Possible solutions:
#   Reduce memory load on the system
#   Increase physical memory or swap space
#   Check if swap backing store is full
#   Use 64 bit Java on a 64 bit OS
#   Decrease Java heap size (-Xmx/-Xms)
#   Decrease number of Java threads
#   Decrease Java thread stack sizes (-Xss)
#   Set larger code cache with -XX:ReservedCodeCacheSize=
# This output file may be truncated or incomplete.
#
#  Out of Memory Error (allocation.cpp:273), pid=53516, tid=0x000000000000ce28
#
# JRE version: Java(TM) SE Runtime Environment (8.0_111-b14) (build 1.8.0_111-b14)
# Java VM: Java HotSpot(TM) 64-Bit Server VM (25.111-b14 mixed mode windows-amd64 compressed oops)
# Failed to write core dump. Minidumps are not enabled by default on client versions of Windows
#

---------------  T H R E A D  ---------------

Current thread (0x0000000058a80800):  JavaThread "C2 CompilerThread0" daemon [_thread_in_native, id=52776, stack(0x00000000590b0000,0x00000000591b0000)]

Stack: [0x00000000590b0000,0x00000000591b0000]
[error occurred during error reporting (printing stack bounds), id 0xc0000005]

Native frames: (J=compiled Java code, j=interpreted, Vv=VM code, C=native code)


Current CompileTask:
C2:   8280 1674 %     4       org.springframework.asm.ClassReader::readCode @ 1473 (3579 bytes)


---------------  P R O C E S S  ---------------

Java Threads: ( => current thread )
  0x0000000058b26000 JavaThread "Service Thread" daemon [_thread_blocked, id=51404, stack(0x00000000595d0000,0x00000000596d0000)]
  0x0000000058a83800 JavaThread "C1 CompilerThread2" daemon [_thread_blocked, id=50788, stack(0x0000000059330000,0x0000000059430000)]
  0x0000000058a82000 JavaThread "C2 CompilerThread1" daemon [_thread_in_native, id=50380, stack(0x00000000591f0000,0x00000000592f0000)]
=>0x0000000058a80800 JavaThread "C2 CompilerThread0" daemon [_thread_in_native, id=52776, stack(0x00000000590b0000,0x00000000591b0000)]
  0x0000000058a62800 JavaThread "Monitor Ctrl-Break" daemon [_thread_in_native, id=35680, stack(0x0000000058f80000,0x0000000059080000)]
  0x00000000588bb800 JavaThread "Attach Listener" daemon [_thread_blocked, id=53676, stack(0x0000000058d00000,0x0000000058e00000)]
  0x00000000588ba800 JavaThread "Signal Dispatcher" daemon [_thread_blocked, id=54136, stack(0x0000000058e70000,0x0000000058f70000)]
  0x00000000575d2000 JavaThread "Finalizer" daemon [_thread_blocked, id=51380, stack(0x0000000058600000,0x0000000058700000)]
  0x0000000057589800 JavaThread "Reference Handler" daemon [_thread_blocked, id=52060, stack(0x00000000587b0000,0x00000000588b0000)]
  0x00000000024ca000 JavaThread "main" [_thread_in_vm, id=5084, stack(0x0000000002630000,0x0000000002730000)]

Other Threads:
  0x0000000057584000 VMThread [stack: 0x0000000058500000,0x0000000058600000] [id=51260]
  0x0000000058ba8000 WatcherThread [stack: 0x00000000598c0000,0x00000000599c0000] [id=23856]

VM state:not at safepoint (normal execution)

VM Mutex/Monitor currently owned by a thread: None

Heap:
 PSYoungGen      total 238080K, used 102210K [0x00000000d5c00000, 0x00000000e6300000, 0x0000000100000000)
  eden space 209920K, 41% used [0x00000000d5c00000,0x00000000db168a18,0x00000000e2900000)
  from space 28160K, 52% used [0x00000000e4780000,0x00000000e55e8000,0x00000000e6300000)
  to   space 29696K, 0% used [0x00000000e2900000,0x00000000e2900000,0x00000000e4600000)
 ParOldGen       total 87552K, used 61458K [0x0000000081400000, 0x0000000086980000, 0x00000000d5c00000)
  object space 87552K, 70% used [0x0000000081400000,0x0000000085004aa0,0x0000000086980000)
 Metaspace       used 18447K, capacity 18716K, committed 18944K, reserved 1067008K
  class space    used 2194K, capacity 2273K, committed 2304K, reserved 1048576K

Card table byte_map: [0x0000000011c30000,0x0000000012030000] byte_map_base: 0x0000000011826000

Marking Bits: (ParMarkBitMap*) 0x00000000705ca6c0
 Begin Bits: [0x0000000012890000, 0x0000000014840000)
 End Bits:   [0x0000000014840000, 0x00000000167f0000)

Polling page: 0x0000000001b60000

CodeCache: size=245760Kb used=6864Kb max_used=6864Kb free=238895Kb
 bounds [0x0000000002870000, 0x0000000002f30000, 0x0000000011870000]
 total_blobs=2168 nmethods=1804 adapters=276
 compilation: enabled

Compilation events (10 events):
Event: 8.110 Thread 0x0000000058a83800 1810       3       org.springframework.asm.ClassReader::readConst (259 bytes)
Event: 8.111 Thread 0x0000000058a83800 nmethod 1810 0x0000000002f262d0 code [0x0000000002f26680, 0x0000000002f28128]
Event: 8.115 Thread 0x0000000058a83800 1812       3       java.util.zip.ZStreamRef::clear (6 bytes)
Event: 8.115 Thread 0x0000000058a83800 nmethod 1812 0x0000000002f13d90 code [0x0000000002f13ee0, 0x0000000002f14050]
Event: 8.116 Thread 0x0000000058a83800 1813   !   3       java.util.zip.Inflater::end (50 bytes)
Event: 8.116 Thread 0x0000000058a83800 nmethod 1813 0x0000000002f13550 code [0x0000000002f136e0, 0x0000000002f13b68]
Event: 8.123 Thread 0x0000000058a83800 1815       3       java.util.zip.ZipFile$ZipFileInflaterInputStream::available (41 bytes)
Event: 8.123 Thread 0x0000000058a83800 nmethod 1815 0x0000000002f21950 code [0x0000000002f21ae0, 0x0000000002f21fc8]
Event: 8.123 Thread 0x0000000058a83800 1816       3       java.util.zip.ZipFile$ZipFileInputStream::size (5 bytes)
Event: 8.123 Thread 0x0000000058a83800 nmethod 1816 0x0000000002f21650 code [0x0000000002f217a0, 0x0000000002f218f0]

GC Heap History (10 events):
Event: 7.236 GC heap before
{Heap before GC invocations=6 (full 0):
 PSYoungGen      total 71680K, used 71648K [0x00000000d5c00000, 0x00000000df700000, 0x0000000100000000)
  eden space 66560K, 100% used [0x00000000d5c00000,0x00000000d9d00000,0x00000000d9d00000)
  from space 5120K, 99% used [0x00000000d9d00000,0x00000000da1f8020,0x00000000da200000)
  to   space 12800K, 0% used [0x00000000dea80000,0x00000000dea80000,0x00000000df700000)
 ParOldGen       total 87552K, used 14193K [0x0000000081400000, 0x0000000086980000, 0x00000000d5c00000)
  object space 87552K, 16% used [0x0000000081400000,0x00000000821dc520,0x0000000086980000)
 Metaspace       used 18065K, capacity 18332K, committed 18432K, reserved 1064960K
  class space    used 2177K, capacity 2273K, committed 2304K, reserved 1048576K
Event: 7.245 GC heap after
Heap after GC invocations=6 (full 0):
 PSYoungGen      total 143872K, used 12144K [0x00000000d5c00000, 0x00000000dfb00000, 0x0000000100000000)
  eden space 131072K, 0% used [0x00000000d5c00000,0x00000000d5c00000,0x00000000ddc00000)
  from space 12800K, 94% used [0x00000000dea80000,0x00000000df65c040,0x00000000df700000)
  to   space 14848K, 0% used [0x00000000ddc00000,0x00000000ddc00000,0x00000000dea80000)
 ParOldGen       total 87552K, used 14193K [0x0000000081400000, 0x0000000086980000, 0x00000000d5c00000)
  object space 87552K, 16% used [0x0000000081400000,0x00000000821dc520,0x0000000086980000)
 Metaspace       used 18065K, capacity 18332K, committed 18432K, reserved 1064960K
  class space    used 2177K, capacity 2273K, committed 2304K, reserved 1048576K
}
Event: 7.348 GC heap before
{Heap before GC invocations=7 (full 0):
 PSYoungGen      total 143872K, used 143216K [0x00000000d5c00000, 0x00000000dfb00000, 0x0000000100000000)
  eden space 131072K, 100% used [0x00000000d5c00000,0x00000000ddc00000,0x00000000ddc00000)
  from space 12800K, 94% used [0x00000000dea80000,0x00000000df65c040,0x00000000df700000)
  to   space 14848K, 0% used [0x00000000ddc00000,0x00000000ddc00000,0x00000000dea80000)
 ParOldGen       total 87552K, used 14193K [0x0000000081400000, 0x0000000086980000, 0x00000000d5c00000)
  object space 87552K, 16% used [0x0000000081400000,0x00000000821dc520,0x0000000086980000)
 Metaspace       used 18088K, capacity 18396K, committed 18688K, reserved 1064960K
  class space    used 2177K, capacity 2273K, committed 2304K, reserved 1048576K
Event: 7.363 GC heap after
Heap after GC invocations=7 (full 0):
 PSYoungGen      total 145920K, used 14832K [0x00000000d5c00000, 0x00000000dfb00000, 0x0000000100000000)
  eden space 131072K, 0% used [0x00000000d5c00000,0x00000000d5c00000,0x00000000ddc00000)
  from space 14848K, 99% used [0x00000000ddc00000,0x00000000dea7c010,0x00000000dea80000)
  to   space 12800K, 0% used [0x00000000dea80000,0x00000000dea80000,0x00000000df700000)
 ParOldGen       total 87552K, used 26112K [0x0000000081400000, 0x0000000086980000, 0x00000000d5c00000)
  object space 87552K, 29% used [0x0000000081400000,0x0000000082d80250,0x0000000086980000)
 Metaspace       used 18088K, capacity 18396K, committed 18688K, reserved 1064960K
  class space    used 2177K, capacity 2273K, committed 2304K, reserved 1048576K
}
Event: 7.447 GC heap before
{Heap before GC invocations=8 (full 0):
 PSYoungGen      total 145920K, used 145904K [0x00000000d5c00000, 0x00000000dfb00000, 0x0000000100000000)
  eden space 131072K, 100% used [0x00000000d5c00000,0x00000000ddc00000,0x00000000ddc00000)
  from space 14848K, 99% used [0x00000000ddc00000,0x00000000dea7c010,0x00000000dea80000)
  to   space 12800K, 0% used [0x00000000dea80000,0x00000000dea80000,0x00000000df700000)
 ParOldGen       total 87552K, used 26112K [0x0000000081400000, 0x0000000086980000, 0x00000000d5c00000)
  object space 87552K, 29% used [0x0000000081400000,0x0000000082d80250,0x0000000086980000)
 Metaspace       used 18096K, capacity 18396K, committed 18688K, reserved 1064960K
  class space    used 2177K, capacity 2273K, committed 2304K, reserved 1048576K
Event: 7.459 GC heap after
Heap after GC invocations=8 (full 0):
 PSYoungGen      total 143872K, used 12800K [0x00000000d5c00000, 0x00000000dfb00000, 0x0000000100000000)
  eden space 131072K, 0% used [0x00000000d5c00000,0x00000000d5c00000,0x00000000ddc00000)
  from space 12800K, 100% used [0x00000000dea80000,0x00000000df700000,0x00000000df700000)
  to   space 14848K, 0% used [0x00000000ddc00000,0x00000000ddc00000,0x00000000dea80000)
 ParOldGen       total 87552K, used 40138K [0x0000000081400000, 0x0000000086980000, 0x00000000d5c00000)
  object space 87552K, 45% used [0x0000000081400000,0x0000000083b32a90,0x0000000086980000)
 Metaspace       used 18096K, capacity 18396K, committed 18688K, reserved 1064960K
  class space    used 2177K, capacity 2273K, committed 2304K, reserved 1048576K
}
Event: 7.531 GC heap before
{Heap before GC invocations=9 (full 0):
 PSYoungGen      total 143872K, used 143872K [0x00000000d5c00000, 0x00000000dfb00000, 0x0000000100000000)
  eden space 131072K, 100% used [0x00000000d5c00000,0x00000000ddc00000,0x00000000ddc00000)
  from space 12800K, 100% used [0x00000000dea80000,0x00000000df700000,0x00000000df700000)
  to   space 14848K, 0% used [0x00000000ddc00000,0x00000000ddc00000,0x00000000dea80000)
 ParOldGen       total 87552K, used 40138K [0x0000000081400000, 0x0000000086980000, 0x00000000d5c00000)
  object space 87552K, 45% used [0x0000000081400000,0x0000000083b32a90,0x0000000086980000)
 Metaspace       used 18104K, capacity 18396K, committed 18688K, reserved 1064960K
  class space    used 2177K, capacity 2273K, committed 2304K, reserved 1048576K
Event: 7.542 GC heap after
Heap after GC invocations=9 (full 0):
 PSYoungGen      total 145920K, used 14848K [0x00000000d5c00000, 0x00000000e6600000, 0x0000000100000000)
  eden space 131072K, 0% used [0x00000000d5c00000,0x00000000d5c00000,0x00000000ddc00000)
  from space 14848K, 100% used [0x00000000ddc00000,0x00000000dea80000,0x00000000dea80000)
  to   space 31232K, 0% used [0x00000000e4780000,0x00000000e4780000,0x00000000e6600000)
 ParOldGen       total 87552K, used 49674K [0x0000000081400000, 0x0000000086980000, 0x00000000d5c00000)
  object space 87552K, 56% used [0x0000000081400000,0x0000000084482aa0,0x0000000086980000)
 Metaspace       used 18104K, capacity 18396K, committed 18688K, reserved 1064960K
  class space    used 2177K, capacity 2273K, committed 2304K, reserved 1048576K
}
Event: 7.613 GC heap before
{Heap before GC invocations=10 (full 0):
 PSYoungGen      total 145920K, used 145920K [0x00000000d5c00000, 0x00000000e6600000, 0x0000000100000000)
  eden space 131072K, 100% used [0x00000000d5c00000,0x00000000ddc00000,0x00000000ddc00000)
  from space 14848K, 100% used [0x00000000ddc00000,0x00000000dea80000,0x00000000dea80000)
  to   space 31232K, 0% used [0x00000000e4780000,0x00000000e4780000,0x00000000e6600000)
 ParOldGen       total 87552K, used 49674K [0x0000000081400000, 0x0000000086980000, 0x00000000d5c00000)
  object space 87552K, 56% used [0x0000000081400000,0x0000000084482aa0,0x0000000086980000)
 Metaspace       used 18107K, capacity 18396K, committed 18688K, reserved 1064960K
  class space    used 2177K, capacity 2273K, committed 2304K, reserved 1048576K
Event: 7.625 GC heap after
Heap after GC invocations=10 (full 0):
 PSYoungGen      total 238080K, used 14752K [0x00000000d5c00000, 0x00000000e6300000, 0x0000000100000000)
  eden space 209920K, 0% used [0x00000000d5c00000,0x00000000d5c00000,0x00000000e2900000)
  from space 28160K, 52% used [0x00000000e4780000,0x00000000e55e8000,0x00000000e6300000)
  to   space 29696K, 0% used [0x00000000e2900000,0x00000000e2900000,0x00000000e4600000)
 ParOldGen       total 87552K, used 61458K [0x0000000081400000, 0x0000000086980000, 0x00000000d5c00000)
  object space 87552K, 70% used [0x0000000081400000,0x0000000085004aa0,0x0000000086980000)
 Metaspace       used 18107K, capacity 18396K, committed 18688K, reserved 1064960K
  class space    used 2177K, capacity 2273K, committed 2304K, reserved 1048576K
}

Deoptimization events (10 events):
Event: 6.761 Thread 0x00000000024ca000 Uncommon trap: reason=class_check action=maybe_recompile pc=0x0000000002b3436c method=java.util.regex.Pattern$CharProperty.match(Ljava/util/regex/Matcher;ILjava/lang/CharSequence;)Z @ 37
Event: 6.811 Thread 0x000000005a545000 Uncommon trap: reason=unstable_if action=reinterpret pc=0x0000000002af0000 method=java.lang.String.startsWith(Ljava/lang/String;I)Z @ 25
Event: 6.885 Thread 0x000000005a545000 Uncommon trap: reason=class_check action=maybe_recompile pc=0x0000000002d69104 method=java.util.regex.Pattern$Curly.match0(Ljava/util/regex/Matcher;IILjava/lang/CharSequence;)Z @ 31
Event: 6.885 Thread 0x000000005a545000 Uncommon trap: reason=class_check action=maybe_recompile pc=0x0000000002d69104 method=java.util.regex.Pattern$Curly.match0(Ljava/util/regex/Matcher;IILjava/lang/CharSequence;)Z @ 31
Event: 7.077 Thread 0x000000005a545000 Uncommon trap: reason=predicate action=maybe_recompile pc=0x0000000002b9bfd8 method=java.lang.String.regionMatches(ZILjava/lang/String;II)Z @ 63
Event: 7.371 Thread 0x00000000024ca000 Uncommon trap: reason=unstable_if action=reinterpret pc=0x0000000002e18030 method=org.springframework.util.AntPathMatcher.doMatch(Ljava/lang/String;Ljava/lang/String;ZLjava/util/Map;)Z @ 290
Event: 7.732 Thread 0x00000000024ca000 Uncommon trap: reason=predicate action=maybe_recompile pc=0x0000000002e3f128 method=java.util.AbstractCollection.toArray([Ljava/lang/Object;)[Ljava/lang/Object; @ 49
Event: 7.843 Thread 0x00000000024ca000 Uncommon trap: reason=unstable_if action=reinterpret pc=0x0000000002e3fbcc method=java.util.LinkedHashMap.afterNodeInsertion(Z)V @ 18
Event: 7.938 Thread 0x00000000024ca000 Uncommon trap: reason=range_check action=make_not_entrant pc=0x0000000002f0e418 method=org.springframework.asm.Type.getType([CI)Lorg/springframework/asm/Type; @ 162
Event: 8.109 Thread 0x00000000024ca000 Uncommon trap: reason=unloaded action=reinterpret pc=0x0000000002f22654 method=org.springframework.asm.ClassReader.readConst(I[C)Ljava/lang/Object; @ 241

Internal exceptions (10 events):
Event: 6.562 Thread 0x00000000024ca000 Exception <a 'java/lang/ClassNotFoundException': org/springframework/context/EnvironmentAwareCustomizer> (0x00000000d5d33998) thrown at [C:\re\workspace\8-2-build-windows-amd64-cygwin\jdk8u111\7883\hotspot\src\share\vm\classfile\systemDictionary.cpp, line
Event: 6.602 Thread 0x00000000024ca000 Implicit null exception at 0x0000000002a94949 to 0x0000000002a94ce5
Event: 6.602 Thread 0x00000000024ca000 Implicit null exception at 0x0000000002a77d86 to 0x0000000002a78121
Event: 6.731 Thread 0x00000000024ca000 Exception <a 'java/io/FileNotFoundException'> (0x00000000d61086a8) thrown at [C:\re\workspace\8-2-build-windows-amd64-cygwin\jdk8u111\7883\hotspot\src\share\vm\prims\jni.cpp, line 709]
Event: 6.732 Thread 0x00000000024ca000 Exception <a 'java/io/FileNotFoundException'> (0x00000000d6109478) thrown at [C:\re\workspace\8-2-build-windows-amd64-cygwin\jdk8u111\7883\hotspot\src\share\vm\prims\jni.cpp, line 709]
Event: 6.748 Thread 0x00000000024ca000 Exception <a 'java/io/FileNotFoundException'> (0x00000000d68ec2d8) thrown at [C:\re\workspace\8-2-build-windows-amd64-cygwin\jdk8u111\7883\hotspot\src\share\vm\prims\jni.cpp, line 709]
Event: 6.748 Thread 0x00000000024ca000 Exception <a 'java/io/FileNotFoundException'> (0x00000000d68ed150) thrown at [C:\re\workspace\8-2-build-windows-amd64-cygwin\jdk8u111\7883\hotspot\src\share\vm\prims\jni.cpp, line 709]
Event: 7.068 Thread 0x000000005a545000 Exception <a 'java/lang/NoSuchFieldError': method resolution failed> (0x00000000d6c875e0) thrown at [C:\re\workspace\8-2-build-windows-amd64-cygwin\jdk8u111\7883\hotspot\src\share\vm\prims\methodHandles.cpp, line 1146]
Event: 7.070 Thread 0x000000005a545000 Exception <a 'java/lang/NoSuchFieldError': method resolution failed> (0x00000000d76cec08) thrown at [C:\re\workspace\8-2-build-windows-amd64-cygwin\jdk8u111\7883\hotspot\src\share\vm\prims\methodHandles.cpp, line 1146]
Event: 8.229 Thread 0x00000000024ca000 Exception <a 'java/lang/OutOfMemoryError'> (0x00000000dafa8498) thrown at [C:\re\workspace\8-2-build-windows-amd64-cygwin\jdk8u111\7883\hotspot\src\share\vm\prims\jni.cpp, line 735]

Events (10 events):
Event: 8.109 Thread 0x00000000024ca000 DEOPT UNPACKING pc=0x00000000028b582a sp=0x000000000272e168 mode 2
Event: 8.111 Thread 0x00000000024ca000 DEOPT PACKING pc=0x0000000002cc3a7e sp=0x000000000272dbd0
Event: 8.111 Thread 0x00000000024ca000 DEOPT UNPACKING pc=0x00000000028b787f sp=0x000000000272d8e0 mode 0
Event: 8.133 Thread 0x00000000024ca000 DEOPT PACKING pc=0x0000000002cc3a7e sp=0x000000000272dbd0
Event: 8.133 Thread 0x00000000024ca000 DEOPT UNPACKING pc=0x00000000028b787f sp=0x000000000272d8e0 mode 0
Event: 8.155 Thread 0x00000000024ca000 DEOPT PACKING pc=0x0000000002cc3a7e sp=0x000000000272dbd0
Event: 8.155 Thread 0x00000000024ca000 DEOPT UNPACKING pc=0x00000000028b787f sp=0x000000000272d8e0 mode 0
Event: 8.215 Thread 0x00000000024ca000 DEOPT PACKING pc=0x0000000002cc3a7e sp=0x000000000272dbd0
Event: 8.215 Thread 0x00000000024ca000 DEOPT UNPACKING pc=0x00000000028b787f sp=0x000000000272d8e0 mode 0
Event: 8.229 loading class java/util/zip/DataFormatException


Dynamic libraries:
0x000000013f390000 - 0x000000013f3c7000 	C:\Program Files\Java\jdk1.8.0_111\bin\java.exe
0x0000000077730000 - 0x00000000778da000 	C:\Windows\SYSTEM32\ntdll.dll
0x00000000773b0000 - 0x00000000774cf000 	C:\Windows\system32\kernel32.dll
0x000007fefdca0000 - 0x000007fefdd0b000 	C:\Windows\system32\KERNELBASE.dll
0x000007feff5c0000 - 0x000007feff69b000 	C:\Windows\system32\ADVAPI32.dll
0x000007fefe0f0000 - 0x000007fefe18f000 	C:\Windows\system32\msvcrt.dll
0x000007feff7b0000 - 0x000007feff7cf000 	C:\Windows\SYSTEM32\sechost.dll
0x000007feff800000 - 0x000007feff92d000 	C:\Windows\system32\RPCRT4.dll
0x00000000774d0000 - 0x00000000775ca000 	C:\Windows\system32\USER32.dll
0x000007feff930000 - 0x000007feff997000 	C:\Windows\system32\GDI32.dll
0x000007fefe010000 - 0x000007fefe01e000 	C:\Windows\system32\LPK.dll
0x000007fefe020000 - 0x000007fefe0ea000 	C:\Windows\system32\USP10.dll
0x000007fefc360000 - 0x000007fefc554000 	C:\Windows\WinSxS\amd64_microsoft.windows.common-controls_6595b64144ccf1df_6.0.7601.18837_none_fa3b1e3d17594757\COMCTL32.dll
0x000007feff540000 - 0x000007feff5b1000 	C:\Windows\system32\SHLWAPI.dll
0x000007fefe190000 - 0x000007fefe1be000 	C:\Windows\system32\IMM32.DLL
0x000007feff6a0000 - 0x000007feff7a9000 	C:\Windows\system32\MSCTF.dll
0x000000006eee0000 - 0x000000006efb2000 	C:\Program Files\Java\jdk1.8.0_111\jre\bin\msvcr100.dll
0x000000006fdb0000 - 0x000000007064a000 	C:\Program Files\Java\jdk1.8.0_111\jre\bin\server\jvm.dll
0x000007fefc350000 - 0x000007fefc359000 	C:\Windows\system32\WSOCK32.dll
0x000007fefdfc0000 - 0x000007fefe00d000 	C:\Windows\system32\WS2_32.dll
0x000007feff7f0000 - 0x000007feff7f8000 	C:\Windows\system32\NSI.dll
0x000007fefc180000 - 0x000007fefc1bb000 	C:\Windows\system32\WINMM.dll
0x000007fefcc80000 - 0x000007fefcc8c000 	C:\Windows\system32\VERSION.dll
0x00000000778f0000 - 0x00000000778f7000 	C:\Windows\system32\PSAPI.DLL
0x0000000071080000 - 0x000000007108f000 	C:\Program Files\Java\jdk1.8.0_111\jre\bin\verify.dll
0x0000000071050000 - 0x0000000071079000 	C:\Program Files\Java\jdk1.8.0_111\jre\bin\java.dll
0x0000000001b80000 - 0x0000000001ba3000 	C:\Program Files\Java\jdk1.8.0_111\jre\bin\instrument.dll
0x00000000022a0000 - 0x00000000022b6000 	C:\Program Files\Java\jdk1.8.0_111\jre\bin\zip.dll
0x000007fefe1c0000 - 0x000007fefef49000 	C:\Windows\system32\SHELL32.dll
0x000007feff030000 - 0x000007feff233000 	C:\Windows\system32\ole32.dll
0x000007fefdb90000 - 0x000007fefdb9f000 	C:\Windows\system32\profapi.dll
0x000007fef4240000 - 0x000007fef425a000 	E:\Program Files\JetBrains\IntelliJ IDEA 2017.2\bin\breakgen64.dll
0x0000000002360000 - 0x000000000237a000 	C:\Program Files\Java\jdk1.8.0_111\jre\bin\net.dll
0x000007fefd3c0000 - 0x000007fefd415000 	C:\Windows\system32\mswsock.dll
0x000007fefd3b0000 - 0x000007fefd3b7000 	C:\Windows\System32\wship6.dll
0x0000000002380000 - 0x000000000238d000 	C:\Program Files\Java\jdk1.8.0_111\jre\bin\management.dll
0x000007fefc1c0000 - 0x000007fefc1d5000 	C:\Windows\system32\NLAapi.dll
0x000007fef6720000 - 0x000007fef6735000 	C:\Windows\system32\napinsp.dll
0x000007fef6700000 - 0x000007fef6719000 	C:\Windows\system32\pnrpnsp.dll
0x000007fefd240000 - 0x000007fefd29b000 	C:\Windows\system32\DNSAPI.dll
0x000007fef66f0000 - 0x000007fef66fb000 	C:\Windows\System32\winrnr.dll
0x000007fefcdc0000 - 0x000007fefcdc7000 	C:\Windows\System32\wshtcpip.dll
0x000007fefb480000 - 0x000007fefb4a7000 	C:\Windows\system32\IPHLPAPI.DLL
0x000007fefb7f0000 - 0x000007fefb7fb000 	C:\Windows\system32\WINNSI.DLL
0x000007fef5330000 - 0x000007fef5338000 	C:\Windows\system32\rasadhlp.dll
0x000007fefb790000 - 0x000007fefb7e3000 	C:\Windows\System32\fwpuclnt.dll
0x0000000002460000 - 0x0000000002471000 	C:\Program Files\Java\jdk1.8.0_111\jre\bin\nio.dll

VM Arguments:
jvm_args: -javaagent:E:\Program Files\JetBrains\IntelliJ IDEA 2017.2\lib\idea_rt.jar=49698:E:\Program Files\JetBrains\IntelliJ IDEA 2017.2\bin -Dfile.encoding=UTF-8 
java_command: Application
java_class_path (initial): C:\Program Files\Java\jdk1.8.0_111\jre\lib\charsets.jar;C:\Program Files\Java\jdk1.8.0_111\jre\lib\deploy.jar;C:\Program Files\Java\jdk1.8.0_111\jre\lib\ext\access-bridge-64.jar;C:\Program Files\Java\jdk1.8.0_111\jre\lib\ext\cldrdata.jar;C:\Program Files\Java\jdk1.8.0_111\jre\lib\ext\dnsns.jar;C:\Program Files\Java\jdk1.8.0_111\jre\lib\ext\jaccess.jar;C:\Program Files\Java\jdk1.8.0_111\jre\lib\ext\jfxrt.jar;C:\Program Files\Java\jdk1.8.0_111\jre\lib\ext\localedata.jar;C:\Program Files\Java\jdk1.8.0_111\jre\lib\ext\nashorn.jar;C:\Program Files\Java\jdk1.8.0_111\jre\lib\ext\sunec.jar;C:\Program Files\Java\jdk1.8.0_111\jre\lib\ext\sunjce_provider.jar;C:\Program Files\Java\jdk1.8.0_111\jre\lib\ext\sunmscapi.jar;C:\Program Files\Java\jdk1.8.0_111\jre\lib\ext\sunpkcs11.jar;C:\Program Files\Java\jdk1.8.0_111\jre\lib\ext\zipfs.jar;C:\Program Files\Java\jdk1.8.0_111\jre\lib\javaws.jar;C:\Program Files\Java\jdk1.8.0_111\jre\lib\jce.jar;C:\Program Files\Java\jdk1.8.0_111\jre\lib\jfr.jar;C:\Program Files\Java\jdk1.8.0_111\jre\lib\jfxswt.jar;C:\Program Files\Java\jdk1.8.0_111\jre\lib\jsse.jar;C:\Program Files\Java\jdk1.8.0_111\jre\lib\management-agent.jar;C:\Program Files\Java\jdk1.8.0_111\jre\lib\plugin.jar;C:\Program Files\Java\jdk1.8.0_111\jre\lib\resources.jar;C:\Program Files\Java\jdk1.8.0_111\jre\lib\rt.jar;E:\IDEA\springboot\target\classes;C:\Users\Administrator\.m2\repository\org\springframework\boot\spring-boot-starter-web\1.5.6.RELEASE\spring-boot-starter-web-1.5.6.RELEASE.jar;C:\Users\Administrator\.m2\repository\org\springframework\boot\spring-boot-starter-tomcat\1.5.6.RELEASE\spring-boot-starter-tomcat-1.5.6.RELEASE.jar;C:\Users\Administrator\.m2\repository\org\apache\tomcat\embed\tomcat-embed-core\8.5.16\tomcat-embed-core-8.5.16.jar;C:\Users\Administrator\.m2\repository\org\apache\tomcat\embed\tomcat-embed-el\8.5.16\tomcat-embed-el-8.5.16.jar;C:\Users\Administrator\.m2\repository\org\apache\tomcat\embed\tomcat-embed-websocket\8.5.16\tom
Launcher Type: SUN_STANDARD

Environment Variables:
JAVA_HOME=C:\Program Files\Java\jdk1.8.0_111
CLASSPATH=.;C:\Program Files\Java\jdk1.8.0_111\lib;C:\Program Files\Java\jdk1.8.0_111\lib\dt.jar;C:\Program Files\Java\jdk1.8.0_111\lib\tools.jar;
PATH=E:\Play\play-1.3.4;C:\ProgramData\Oracle\Java\javapath;C:\Windows\system32;C:\Windows;C:\Windows\System32\Wbem;C:\Windows\System32\WindowsPowerShell\v1.0\;C:\Program Files\Java\jdk1.8.0_111\bin;C:\Program Files\Java\jdk1.8.0_111\jre\bin;%CATALINA_HOME%\lib;%CATALINA_HOME%\bin;C:\Program Files (x86)\Microsoft SQL Server\80\Tools\Binn\;D:\Program Files\Microsoft SQL Server\90\DTS\Binn\;D:\Program Files\Microsoft SQL Server\90\Tools\binn\;D:\Program Files\Microsoft SQL Server (x86)\90\Tools\binn\;D:\Program Files\Microsoft SQL Server (x86)\90\DTS\Binn\;D:\Program Files\Microsoft SQL Server (x86)\90\Tools\Binn\VSShell\Common7\IDE\;C:\Program Files (x86)\Microsoft Visual Studio 8\Common7\IDE\PrivateAssemblies\;D:\Program Files (x86)\IDM Computer Solutions\UltraEdit;C:\Program Files\MySQL\MySQL Utilities 1.6\;E:\Program Files\TortoiseSVN\bin;E:\Program Files (x86)\Microsoft VS Code\bin;C:\Users\Administrator\AppData\Local\GitHubDesktop\bin
USERNAME=Administrator
OS=Windows_NT
PROCESSOR_IDENTIFIER=Intel64 Family 6 Model 60 Stepping 3, GenuineIntel



---------------  S Y S T E M  ---------------

OS: Windows 7 , 64 bit Build 7601 (6.1.7601.19160)

CPU:total 4 (4 cores per cpu, 1 threads per core) family 6 model 60 stepping 3, cmov, cx8, fxsr, mmx, sse, sse2, sse3, ssse3, sse4.1, sse4.2, popcnt, avx, avx2, aes, clmul, erms, lzcnt, tsc, tscinvbit, bmi1, bmi2

Memory: 4k page, physical 8305116k(1121772k free), swap 8303280k(8496k free)

vm_info: Java HotSpot(TM) 64-Bit Server VM (25.111-b14) for windows-amd64 JRE (1.8.0_111-b14), built on Sep 22 2016 19:24:05 by "java_re" with MS VC++ 10.0 (VS2010)

time: Tue Aug 01 10:39:41 2017
elapsed time: 8 seconds (0d 0h 0m 8s)

